<?xml version="1.0" encoding="UTF-8"?>
<testng-results skipped="0" failed="0" ignored="0" total="2" passed="2">
  <reporter-output>
  </reporter-output>
  <suite name="nopCommerce" duration-ms="58928" started-at="2020-04-21T15:03:46Z" finished-at="2020-04-21T15:04:45Z">
    <groups>
    </groups>
    <test name="chromeTest" duration-ms="58928" started-at="2020-04-21T15:03:46Z" finished-at="2020-04-21T15:04:45Z">
      <class name="com.nopcommerce.testCases.TC_LoginTest_001">
        <test-method status="PASS" signature="setup(java.lang.String)[pri:0, instance:com.nopcommerce.testCases.TC_LoginTest_001@34b7ac2f]" name="setup" is-config="true" duration-ms="7333" started-at="2020-04-21T15:03:46Z" finished-at="2020-04-21T15:03:53Z">
          <params>
            <param index="0">
              <value>
                <![CDATA[chrome]]>
              </value>
            </param>
          </params>
          <reporter-output>
          </reporter-output>
        </test-method> <!-- setup -->
        <test-method status="PASS" signature="loginTest()[pri:0, instance:com.nopcommerce.testCases.TC_LoginTest_001@34b7ac2f]" name="loginTest" duration-ms="13823" started-at="2020-04-21T15:03:53Z" finished-at="2020-04-21T15:04:07Z">
          <reporter-output>
          </reporter-output>
        </test-method> <!-- loginTest -->
        <test-method status="PASS" signature="tearDown()[pri:0, instance:com.nopcommerce.testCases.TC_LoginTest_001@34b7ac2f]" name="tearDown" is-config="true" duration-ms="728" started-at="2020-04-21T15:04:07Z" finished-at="2020-04-21T15:04:08Z">
          <reporter-output>
          </reporter-output>
        </test-method> <!-- tearDown -->
      </class> <!-- com.nopcommerce.testCases.TC_LoginTest_001 -->
      <class name="com.nopcommerce.testCases.TC_AddCustomerTest_003">
        <test-method status="PASS" signature="setup(java.lang.String)[pri:0, instance:com.nopcommerce.testCases.TC_AddCustomerTest_003@e056f20]" name="setup" is-config="true" duration-ms="5548" started-at="2020-04-21T15:04:08Z" finished-at="2020-04-21T15:04:14Z">
          <params>
            <param index="0">
              <value>
                <![CDATA[chrome]]>
              </value>
            </param>
          </params>
          <reporter-output>
          </reporter-output>
        </test-method> <!-- setup -->
        <test-method status="PASS" signature="addNewCustomer()[pri:0, instance:com.nopcommerce.testCases.TC_AddCustomerTest_003@e056f20]" name="addNewCustomer" duration-ms="30589" started-at="2020-04-21T15:04:14Z" finished-at="2020-04-21T15:04:44Z">
          <reporter-output>
          </reporter-output>
        </test-method> <!-- addNewCustomer -->
        <test-method status="PASS" signature="tearDown()[pri:0, instance:com.nopcommerce.testCases.TC_AddCustomerTest_003@e056f20]" name="tearDown" is-config="true" duration-ms="768" started-at="2020-04-21T15:04:44Z" finished-at="2020-04-21T15:04:45Z">
          <reporter-output>
          </reporter-output>
        </test-method> <!-- tearDown -->
      </class> <!-- com.nopcommerce.testCases.TC_AddCustomerTest_003 -->
    </test> <!-- chromeTest -->
  </suite> <!-- nopCommerce -->
</testng-results>
