<?xml version="1.0" encoding="UTF-8"?>
<testng-results skipped="0" failed="0" ignored="0" total="1" passed="1">
  <reporter-output>
  </reporter-output>
  <suite name="nopCommerce" duration-ms="45313" started-at="2020-07-14T03:28:16Z" finished-at="2020-07-14T03:29:01Z">
    <groups>
    </groups>
    <test name="chromeTest" duration-ms="45313" started-at="2020-07-14T03:28:16Z" finished-at="2020-07-14T03:29:01Z">
      <class name="com.nopcommerce.testCases.TC_LoginTest_001">
        <test-method status="PASS" signature="setup(java.lang.String)[pri:0, instance:com.nopcommerce.testCases.TC_LoginTest_001@79079097]" name="setup" is-config="true" duration-ms="20441" started-at="2020-07-14T03:28:16Z" finished-at="2020-07-14T03:28:37Z">
          <params>
            <param index="0">
              <value>
                <![CDATA[chrome]]>
              </value>
            </param>
          </params>
          <reporter-output>
          </reporter-output>
        </test-method> <!-- setup -->
        <test-method status="PASS" signature="loginTest()[pri:0, instance:com.nopcommerce.testCases.TC_LoginTest_001@79079097]" name="loginTest" duration-ms="22529" started-at="2020-07-14T03:28:37Z" finished-at="2020-07-14T03:28:59Z">
          <reporter-output>
          </reporter-output>
        </test-method> <!-- loginTest -->
        <test-method status="PASS" signature="tearDown()[pri:0, instance:com.nopcommerce.testCases.TC_LoginTest_001@79079097]" name="tearDown" is-config="true" duration-ms="2071" started-at="2020-07-14T03:28:59Z" finished-at="2020-07-14T03:29:01Z">
          <reporter-output>
          </reporter-output>
        </test-method> <!-- tearDown -->
      </class> <!-- com.nopcommerce.testCases.TC_LoginTest_001 -->
    </test> <!-- chromeTest -->
  </suite> <!-- nopCommerce -->
</testng-results>
